[0m[[0m[0mdebug[0m] [0m[0m> Exec(test, Some(dc377836-10e2-4bc5-a0bc-04aa4158813b), Some(CommandSource(console0)))[0m
[0m[[0m[0mdebug[0m] [0m[0mEvaluating tasks: Test / test[0m
[0m[[0m[0mdebug[0m] [0m[0mRunning task... Cancel: Signal, check cycles: false, forcegc: true[0m
[0m[[0m[0minfo[0m] [0m[0mcompiling 1 Scala source to /Users/johnyu/Projects/ChiselTPU/target/scala-2.13/classes ...[0m
[0m[[0m[0minfo[0m] [0m[0mcompiling 5 Scala sources to /Users/johnyu/Projects/ChiselTPU/target/scala-2.13/test-classes ...[0m
[0m[[0m[0minfo[0m] [0m[0m/Users/johnyu/Projects/ChiselTPU/src/test/scala/tpu/ActRegModelTest.scala:1:1: [0m
[0m[[0m[0minfo[0m] [0m[0mFound names but no class, trait or object is defined in the compilation unit.[0m
[0m[[0m[0minfo[0m] [0m[0mThe incremental compiler cannot record the dependency information in such case.[0m
[0m[[0m[0minfo[0m] [0m[0mSome errors like unused import referring to a non-existent class might not be reported.[0m
[0m[[0m[0minfo[0m] [0m[0m    [0m
[0m[[0m[0minfo[0m] [0m[0m/Users/johnyu/Projects/ChiselTPU/src/test/scala/tpu/TPUModelTester.scala:1:1: [0m
[0m[[0m[0minfo[0m] [0m[0mFound names but no class, trait or object is defined in the compilation unit.[0m
[0m[[0m[0minfo[0m] [0m[0mThe incremental compiler cannot record the dependency information in such case.[0m
[0m[[0m[0minfo[0m] [0m[0mSome errors like unused import referring to a non-existent class might not be reported.[0m
[0m[[0m[0minfo[0m] [0m[0m    [0m
[0m[[0m[0minfo[0m] [0m[0m// package tpu[0m
[0m[[0m[0minfo[0m] [0m[0m^[0m
[0m[[0m[0minfo[0m] [0m[0m/Users/johnyu/Projects/ChiselTPU/src/test/scala/tpu/ActRegModelTest.scala:1:1: [0m
[0m[[0m[0minfo[0m] [0m[0mFound top level imports but no class, trait or object is defined in the compilation unit.[0m
[0m[[0m[0minfo[0m] [0m[0mThe incremental compiler cannot record the dependency information in such case.[0m
[0m[[0m[0minfo[0m] [0m[0mSome errors like unused import referring to a non-existent class might not be reported.[0m
[0m[[0m[0minfo[0m] [0m[0m    [0m
[0m[[0m[0minfo[0m] [0m[0m/Users/johnyu/Projects/ChiselTPU/src/test/scala/tpu/TPUModelTester.scala:1:1: [0m
[0m[[0m[0minfo[0m] [0m[0mFound top level imports but no class, trait or object is defined in the compilation unit.[0m
[0m[[0m[0minfo[0m] [0m[0mThe incremental compiler cannot record the dependency information in such case.[0m
[0m[[0m[0minfo[0m] [0m[0mSome errors like unused import referring to a non-existent class might not be reported.[0m
[0m[[0m[0minfo[0m] [0m[0m    [0m
[0m[[0m[0minfo[0m] [0m[0m// package tpu[0m
[0m[[0m[0minfo[0m] [0m[0m^[0m
[0m[[0m[0minfo[0m] [0m[0m[32mSystArrTester:[0m[0m
[0m[[0m[0minfo[0m] [0m[0m[32mTPU syst arr test[0m[0m
[0m[[0m[0minfo[0m] [0m[0m[32m- should multiply (1s row) x (1s column)[0m[0m
[0m[[0m[0minfo[0m] [0m[0m[32mTPUTester:[0m[0m
[0m[[0m[0minfo[0m] [0m[0m[32mTPU test[0m[0m
[0m[[0m[0minfo[0m] [0m[0m[32m- should 1[0m[0m
[0m[[0m[0minfo[0m] [0m[0m[32m- should 2[0m[0m
[0m[[0m[0minfo[0m] [0m[0m[32m- should 3[0m[0m
[0m[[0m[0minfo[0m] [0m[0m[32m- should 4[0m[0m
[0m[[0m[0minfo[0m] [0m[0m[32m- should 5[0m[0m
[0m[[0m[0minfo[0m] [0m[0m[32m- should 6[0m[0m
[0m[[0m[0minfo[0m] [0m[0m[32m- should 7[0m[0m
[0m[[0m[0minfo[0m] [0m[0m[36mRun completed in 1 minute, 10 seconds.[0m[0m
[0m[[0m[0minfo[0m] [0m[0m[36mTotal number of tests run: 8[0m[0m
[0m[[0m[0minfo[0m] [0m[0m[36mSuites: completed 2, aborted 0[0m[0m
[0m[[0m[0minfo[0m] [0m[0m[36mTests: succeeded 8, failed 0, canceled 0, ignored 0, pending 0[0m[0m
[0m[[0m[0minfo[0m] [0m[0m[32mAll tests passed.[0m[0m
[0m[[0m[32msuccess[0m] [0m[0mTotal time: 81 s (01:21), completed Mar 19, 2023, 8:02:42 PM[0m
[0m[[0m[0mdebug[0m] [0m[0m> Exec(shell, None, None)[0m
