[0m[[0m[0mdebug[0m] [0m[0m> Exec(test, Some(fd608447-fc8f-42d6-9f55-8be7585eea6e), Some(CommandSource(console0)))[0m
[0m[[0m[0mdebug[0m] [0m[0mEvaluating tasks: Test / test[0m
[0m[[0m[0mdebug[0m] [0m[0mRunning task... Cancel: Signal, check cycles: false, forcegc: true[0m
[0m[[0m[0minfo[0m] [0m[0mcompiling 1 Scala source to /Users/johnyu/Projects/ChiselTPU/target/scala-2.13/test-classes ...[0m
[0m[[0m[0minfo[0m] [0m[0m[32mActRegModelTester:[0m[0m
[0m[[0m[0minfo[0m] [0m[0m[32mActRegModel[0m[0m
[0m[[0m[0minfo[0m] [0m[0m[32m- should get the staggered input array[0m[0m
[0m[[0m[0minfo[0m] [0m[0m[32m- should get the staggered input array 2[0m[0m
[0m[[0m[0minfo[0m] [0m[0m[32m- should get the staggered input array 4x4[0m[0m
[0m[[0m[0minfo[0m] [0m[0m[32m- should get the staggered input array 4x3[0m[0m
[0m[[0m[0minfo[0m] [0m[0m[32m- should get the staggered input array 3x4[0m[0m
[0m[[0m[0minfo[0m] [0m[0m[32mTPUModelTester:[0m[0m
[0m[[0m[0minfo[0m] [0m[0m[32mgetNextCSM[0m[0m
[0m[[0m[0minfo[0m] [0m[0m[32m- should multiply a 3x3 matrix[0m[0m
[0m[[0m[0minfo[0m] [0m[0m[32mSystArrTester:[0m[0m
[0m[[0m[0minfo[0m] [0m[0m[32mTPU syst arr test[0m[0m
[0m[[0m[0minfo[0m] [0m[0m[32m- should multiply (1s row) x (1s column)[0m[0m
[0m[[0m[0minfo[0m] [0m[0m[32mTPUTester:[0m[0m
[0m[[0m[0minfo[0m] [0m[0m[32mTPU test[0m[0m
[0m[[0m[0minfo[0m] [0m[0m[32m- should 1[0m[0m
[0m[[0m[0minfo[0m] [0m[0m[32m- should 2[0m[0m
[0m[[0m[0minfo[0m] [0m[0m[32m- should 3[0m[0m
[0m[[0m[0minfo[0m] [0m[0m[32m- should 4[0m[0m
[0m[[0m[0minfo[0m] [0m[0m[32m- should 5[0m[0m
[0m[[0m[0minfo[0m] [0m[0m[32m- should 6[0m[0m
[0m[[0m[0minfo[0m] [0m[0m[32m- should 7[0m[0m
[0m[[0m[0minfo[0m] [0m[0m[32mTPU test[0m[0m
[0m[[0m[0minfo[0m] [0m[0m[32m- should stagger b[0m[0m
[0m[[0m[0minfo[0m] [0m[0m[36mRun completed in 1 minute, 14 seconds.[0m[0m
[0m[[0m[0minfo[0m] [0m[0m[36mTotal number of tests run: 15[0m[0m
[0m[[0m[0minfo[0m] [0m[0m[36mSuites: completed 4, aborted 0[0m[0m
[0m[[0m[0minfo[0m] [0m[0m[36mTests: succeeded 15, failed 0, canceled 0, ignored 0, pending 0[0m[0m
[0m[[0m[0minfo[0m] [0m[0m[32mAll tests passed.[0m[0m
[0m[[0m[32msuccess[0m] [0m[0mTotal time: 78 s (01:18), completed Mar 19, 2023, 8:09:54 PM[0m
[0m[[0m[0mdebug[0m] [0m[0m> Exec(shell, None, None)[0m
[0m[[0m[0mdebug[0m] [0m[0mForcing garbage collection...[0m
