[0m[[0m[0mdebug[0m] [0m[0m> Exec(;Test/compile; collectAnalyses, None, Some(CommandSource(network-1)))[0m
[0m[[0m[0mdebug[0m] [0m[0munmatched Processing event for requestId None: None[0m
[0m[[0m[0mdebug[0m] [0m[0munmatched Done event for requestId None: None[0m
[0m[[0m[0mdebug[0m] [0m[0m> Exec(Test/compile, None, Some(CommandSource(network-1)))[0m
[0m[[0m[0mdebug[0m] [0m[0munmatched Processing event for requestId None: None[0m
[0m[[0m[0mdebug[0m] [0m[0mEvaluating tasks: Test / compile[0m
[0m[[0m[0mdebug[0m] [0m[0mRunning task... Cancel: Signal, check cycles: false, forcegc: true[0m
[0m[[0m[0mdebug[0m] [0m[0mjsonRpcNotify: JsonRpcNotificationMessage(2.0, build/taskStart, {"taskId":{"id":"1438","parents":[]},"eventTime":1678756696100,"message":"Compiling root","dataKind":"compile-task","data":{"target":{"uri":"file:/Users/johnyu/Projects/CSE228A/ChiselTPU/#root/Compile"}}})[0m
[0m[[0m[0mdebug[0m] [0m[0mjsonRpcNotify: JsonRpcNotificationMessage(2.0, build/taskFinish, {"taskId":{"id":"1438","parents":[]},"eventTime":1678756696112,"message":"Compiled root","status":1,"dataKind":"compile-report","data":{"target":{"uri":"file:/Users/johnyu/Projects/CSE228A/ChiselTPU/#root/Compile"},"errors":0,"warnings":0,"time":12}})[0m
[0m[[0m[0mdebug[0m] [0m[0mjsonRpcNotify: JsonRpcNotificationMessage(2.0, build/taskStart, {"taskId":{"id":"1439","parents":[]},"eventTime":1678756696117,"message":"Compiling root-test","dataKind":"compile-task","data":{"target":{"uri":"file:/Users/johnyu/Projects/CSE228A/ChiselTPU/#root/Test"}}})[0m
[0m[[0m[0mdebug[0m] [0m[0mjsonRpcNotify: JsonRpcNotificationMessage(2.0, build/publishDiagnostics, {"textDocument":{"uri":"file:///Users/johnyu/Projects/CSE228A/ChiselTPU/src/test/scala/tpu/ActRegModelTest.scala"},"buildTarget":{"uri":"file:/Users/johnyu/Projects/CSE228A/ChiselTPU/#root/Test"},"diagnostics":[{"range":{"start":{"line":0,"character":0},"end":{"line":0,"character":1}},"severity":3,"source":"sbt","message":"\nFound names but no class, trait or object is defined in the compilation unit.\nThe incremental compiler cannot record the dependency information in such case.\nSome errors like unused import referring to a non-existent class might not be reported.\n    "},{"range":{"start":{"line":0,"character":0},"end":{"line":0,"character":1}},"severity":3,"source":"sbt","message":"\nFound top level imports but no class, trait or object is defined in the compilation unit.\nThe incremental compiler cannot record the dependency information in such case.\nSome errors like unused import referring to a non-existent class might not be reported.\n    "}],"reset":true})[0m
[0m[[0m[0mdebug[0m] [0m[0mjsonRpcNotify: JsonRpcNotificationMessage(2.0, build/publishDiagnostics, {"textDocument":{"uri":"file:///Users/johnyu/Projects/CSE228A/ChiselTPU/src/test/scala/tpu/TPUModelTester.scala"},"buildTarget":{"uri":"file:/Users/johnyu/Projects/CSE228A/ChiselTPU/#root/Test"},"diagnostics":[{"range":{"start":{"line":0,"character":0},"end":{"line":0,"character":1}},"severity":3,"source":"sbt","message":"\nFound names but no class, trait or object is defined in the compilation unit.\nThe incremental compiler cannot record the dependency information in such case.\nSome errors like unused import referring to a non-existent class might not be reported.\n    "},{"range":{"start":{"line":0,"character":0},"end":{"line":0,"character":1}},"severity":3,"source":"sbt","message":"\nFound top level imports but no class, trait or object is defined in the compilation unit.\nThe incremental compiler cannot record the dependency information in such case.\nSome errors like unused import referring to a non-existent class might not be reported.\n    "}],"reset":true})[0m
[0m[[0m[0mdebug[0m] [0m[0mjsonRpcNotify: JsonRpcNotificationMessage(2.0, build/taskFinish, {"taskId":{"id":"1439","parents":[]},"eventTime":1678756696124,"message":"Compiled root-test","status":1,"dataKind":"compile-report","data":{"target":{"uri":"file:/Users/johnyu/Projects/CSE228A/ChiselTPU/#root/Test"},"errors":0,"warnings":0,"time":7}})[0m
[0m[[0m[32msuccess[0m] [0m[0mTotal time: 0 s, completed Mar 13, 2023, 6:18:16 PM[0m
[0m[[0m[0mdebug[0m] [0m[0munmatched Done event for requestId None: None[0m
[0m[[0m[0mdebug[0m] [0m[0m> Exec(collectAnalyses, None, Some(CommandSource(network-1)))[0m
[0m[[0m[0mdebug[0m] [0m[0munmatched Processing event for requestId None: None[0m
[0m[[0m[0mdebug[0m] [0m[0mEvaluating tasks: Compile / collectAnalyses[0m
[0m[[0m[0mdebug[0m] [0m[0mRunning task... Cancel: Signal, check cycles: false, forcegc: true[0m
[0m[[0m[0mdebug[0m] [0m[0manalysis location (/Users/johnyu/Projects/CSE228A/ChiselTPU/target/scala-2.13/zinc/inc_compile_2.13.zip,true)[0m
[0m[[0m[32msuccess[0m] [0m[0mTotal time: 0 s, completed Mar 13, 2023, 6:18:16 PM[0m
[0m[[0m[0mdebug[0m] [0m[0munmatched Done event for requestId None: None[0m
[0m[[0m[0mdebug[0m] [0m[0m> Exec(shell, None, None)[0m
[0m[[0m[0mdebug[0m] [0m[0mUnhandled notification received: $/setTraceNotification: JsonRpcNotificationMessage(2.0, $/setTraceNotification, {"value":"off"})[0m
