[0m[[0m[0mdebug[0m] [0m[0m> Exec(test, Some(19382bdc-d06b-4c8d-9635-790bd2e3fd08), Some(CommandSource(console0)))[0m
[0m[[0m[0mdebug[0m] [0m[0mEvaluating tasks: Test / test[0m
[0m[[0m[0mdebug[0m] [0m[0mRunning task... Cancel: Signal, check cycles: false, forcegc: true[0m
[0m[[0m[0mdebug[0m] [0m[0mjsonRpcNotify: JsonRpcNotificationMessage(2.0, build/taskStart, {"taskId":{"id":"143","parents":[]},"eventTime":1678682869565,"message":"Compiling root","dataKind":"compile-task","data":{"target":{"uri":"file:/Users/johnyu/Projects/CSE228A/ChiselTPU/#root/Compile"}}})[0m
[0m[[0m[0minfo[0m] [0m[0mcompiling 1 Scala source to /Users/johnyu/Projects/CSE228A/ChiselTPU/target/scala-2.13/classes ...[0m
[0m[[0m[0mdebug[0m] [0m[0mjsonRpcNotify: JsonRpcNotificationMessage(2.0, build/logMessage, {"type":3,"message":"compiling 1 Scala source to /Users/johnyu/Projects/CSE228A/ChiselTPU/target/scala-2.13/classes ..."})[0m
[0m[[0m[0mdebug[0m] [0m[0mjsonRpcNotify: JsonRpcNotificationMessage(2.0, build/publishDiagnostics, {"textDocument":{"uri":"file:///Users/johnyu/Projects/CSE228A/ChiselTPU/src/main/scala/tpu/TPU.scala"},"buildTarget":{"uri":"file:/Users/johnyu/Projects/CSE228A/ChiselTPU/#root/Compile"},"diagnostics":[{"range":{"start":{"line":148,"character":45},"end":{"line":148,"character":46}},"severity":1,"source":"sbt","message":"identifier expected but ')' found."}],"reset":false})[0m
[0m[[0m[31merror[0m] [0m[0m/Users/johnyu/Projects/CSE228A/ChiselTPU/src/main/scala/tpu/TPU.scala:149:46: identifier expected but ')' found.[0m
[0m[[0m[31merror[0m] [0m[0m    slicedA := paddedA(sliceCycle*systParams.)[0m
[0m[[0m[31merror[0m] [0m[0m                                             ^[0m
[0m[[0m[0mdebug[0m] [0m[0mjsonRpcNotify: JsonRpcNotificationMessage(2.0, build/logMessage, {"type":1,"message":"/Users/johnyu/Projects/CSE228A/ChiselTPU/src/main/scala/tpu/TPU.scala:149:46: identifier expected but ')' found."})[0m
[0m[[0m[0mdebug[0m] [0m[0mjsonRpcNotify: JsonRpcNotificationMessage(2.0, build/logMessage, {"type":1,"message":"    slicedA := paddedA(sliceCycle*systParams.)"})[0m
[0m[[0m[0mdebug[0m] [0m[0mjsonRpcNotify: JsonRpcNotificationMessage(2.0, build/logMessage, {"type":1,"message":"                                             ^"})[0m
[0m[[0m[31merror[0m] [0m[0mone error found[0m
[0m[[0m[0mdebug[0m] [0m[0mjsonRpcNotify: JsonRpcNotificationMessage(2.0, build/logMessage, {"type":1,"message":"one error found"})[0m
[0m[[0m[0mdebug[0m] [0m[0mjsonRpcNotify: JsonRpcNotificationMessage(2.0, build/publishDiagnostics, {"textDocument":{"uri":"file:///Users/johnyu/Projects/CSE228A/ChiselTPU/src/main/scala/tpu/TPU.scala"},"buildTarget":{"uri":"file:/Users/johnyu/Projects/CSE228A/ChiselTPU/#root/Compile"},"diagnostics":[{"range":{"start":{"line":148,"character":45},"end":{"line":148,"character":46}},"severity":1,"source":"sbt","message":"identifier expected but ')' found."}],"reset":true})[0m
[0m[[0m[0mdebug[0m] [0m[0mjsonRpcNotify: JsonRpcNotificationMessage(2.0, build/taskFinish, {"taskId":{"id":"143","parents":[]},"eventTime":1678682869649,"message":"Compiled root","status":2,"dataKind":"compile-report","data":{"target":{"uri":"file:/Users/johnyu/Projects/CSE228A/ChiselTPU/#root/Compile"},"errors":1,"warnings":0,"time":84}})[0m
[0m[[0m[31merror[0m] [0m[0m(Compile / [31mcompileIncremental[0m) Compilation failed[0m
[0m[[0m[0mdebug[0m] [0m[0mjsonRpcNotify: JsonRpcNotificationMessage(2.0, build/logMessage, {"type":1,"message":"(Compile / \u001b[31mcompileIncremental\u001b[0m) Compilation failed"})[0m
[0m[[0m[31merror[0m] [0m[0mTotal time: 0 s, completed Mar 12, 2023, 9:47:49 PM[0m
[0m[[0m[0mdebug[0m] [0m[0m> Exec(shell, None, None)[0m
[0m[[0m[0mdebug[0m] [0m[0mlsp-definition json request: {"textDocument":{"uri":"file:///Users/johnyu/Projects/CSE228A/ChiselTPU/src/test/scala/tpu/ActRegModel.scala"},"position":{"line":6,"character":4}}[0m
[0m[[0m[0mdebug[0m] [0m[0mlsp-definition found line:     type Matrix = Seq[Seq[Int]][0m
[0m[[0m[0mdebug[0m] [0m[0mUnhandled notification received: $/cancelRequest: JsonRpcNotificationMessage(2.0, $/cancelRequest, {"id":118})[0m
[0m[[0m[0mdebug[0m] [0m[0mlsp-definition json request: {"textDocument":{"uri":"file:///Users/johnyu/Projects/CSE228A/ChiselTPU/src/test/scala/tpu/ActRegModel.scala"},"position":{"line":5,"character":5}}[0m
[0m[[0m[0mdebug[0m] [0m[0mlsp-definition found line: object ActRegModel {[0m
[0m[[0m[0mdebug[0m] [0m[0mUnhandled notification received: $/cancelRequest: JsonRpcNotificationMessage(2.0, $/cancelRequest, {"id":119})[0m
[0m[[0m[0mdebug[0m] [0m[0mlsp-definition json request: {"textDocument":{"uri":"file:///Users/johnyu/Projects/CSE228A/ChiselTPU/src/test/scala/tpu/ActRegModel.scala"},"position":{"line":5,"character":7}}[0m
[0m[[0m[0mdebug[0m] [0m[0mlsp-definition found line: object ActRegModel {[0m
[0m[[0m[0mdebug[0m] [0m[0msymbol typ[0m
[0m[[0m[0mdebug[0m] [0m[0mlsp-definition potentials: Set()[0m
[0m[[0m[0mdebug[0m] [0m[0mlsp-definition locations Vector()[0m
[0m[[0m[0mdebug[0m] [0m[0msymbol ActRegModel[0m
[0m[[0m[0mdebug[0m] [0m[0mlsp-definition potentials: Set()[0m
[0m[[0m[0mdebug[0m] [0m[0mlsp-definition locations Vector()[0m
[0m[[0m[0mdebug[0m] [0m[0msymbol bject[0m
[0m[[0m[0mdebug[0m] [0m[0mlsp-definition potentials: Set()[0m
[0m[[0m[0mdebug[0m] [0m[0mlsp-definition locations Vector()[0m
[0m[[0m[0mdebug[0m] [0m[0mlsp-definition json request: {"textDocument":{"uri":"file:///Users/johnyu/Projects/CSE228A/ChiselTPU/src/main/scala/tpu/TPU.scala"},"position":{"line":54,"character":10}}[0m
[0m[[0m[0mdebug[0m] [0m[0mlsp-definition found line:   //val (cycle, wrap) = Counter(state === multiply, p.k+p.m+p.k+1) //assume input is valid for now[0m
[0m[[0m[0mdebug[0m] [0m[0mUnhandled notification received: $/cancelRequest: JsonRpcNotificationMessage(2.0, $/cancelRequest, {"id":121})[0m
[0m[[0m[0mdebug[0m] [0m[0mlsp-definition json request: {"textDocument":{"uri":"file:///Users/johnyu/Projects/CSE228A/ChiselTPU/src/main/scala/tpu/TPU.scala"},"position":{"line":54,"character":11}}[0m
[0m[[0m[0mdebug[0m] [0m[0mlsp-definition found line:   //val (cycle, wrap) = Counter(state === multiply, p.k+p.m+p.k+1) //assume input is valid for now[0m
[0m[[0m[0mdebug[0m] [0m[0msymbol cycle[0m
[0m[[0m[0mdebug[0m] [0m[0mlsp-definition potentials: Set()[0m
[0m[[0m[0mdebug[0m] [0m[0mlsp-definition locations Vector()[0m
[0m[[0m[0mdebug[0m] [0m[0msymbol cycle[0m
[0m[[0m[0mdebug[0m] [0m[0mlsp-definition potentials: Set()[0m
[0m[[0m[0mdebug[0m] [0m[0mlsp-definition locations Vector()[0m
[0m[[0m[0mdebug[0m] [0m[0mlsp-definition json request: {"textDocument":{"uri":"file:///Users/johnyu/Projects/CSE228A/ChiselTPU/src/main/scala/tpu/TPU.scala"},"position":{"line":126,"character":20}}[0m
[0m[[0m[0mdebug[0m] [0m[0mlsp-definition found line:         act_in := io.a.bits[0m
[0m[[0m[0mdebug[0m] [0m[0msymbol io[0m
[0m[[0m[0mdebug[0m] [0m[0mlsp-definition potentials: Set()[0m
[0m[[0m[0mdebug[0m] [0m[0mlsp-definition locations Vector()[0m
[0m[[0m[0mdebug[0m] [0m[0mForcing garbage collection...[0m
[0m[[0m[0mdebug[0m] [0m[0mlsp-definition json request: {"textDocument":{"uri":"file:///Users/johnyu/Projects/CSE228A/ChiselTPU/src/main/scala/tpu/TPU.scala"},"position":{"line":126,"character":20}}[0m
[0m[[0m[0mdebug[0m] [0m[0mlsp-definition found line:         act_in := io.a.bits[0m
[0m[[0m[0mdebug[0m] [0m[0msymbol io[0m
[0m[[0m[0mdebug[0m] [0m[0mlsp-definition potentials: Set()[0m
[0m[[0m[0mdebug[0m] [0m[0mlsp-definition locations Vector()[0m
[0m[[0m[0mdebug[0m] [0m[0mlsp-definition json request: {"textDocument":{"uri":"file:///Users/johnyu/Projects/CSE228A/ChiselTPU/src/main/scala/tpu/TPU.scala"},"position":{"line":128,"character":4}}[0m
[0m[[0m[0mdebug[0m] [0m[0mlsp-definition found line:         a_ready := false.B[0m
[0m[[0m[0mdebug[0m] [0m[0mUnhandled notification received: $/cancelRequest: JsonRpcNotificationMessage(2.0, $/cancelRequest, {"id":125})[0m
[0m[[0m[0mdebug[0m] [0m[0mlsp-definition json request: {"textDocument":{"uri":"file:///Users/johnyu/Projects/CSE228A/ChiselTPU/src/main/scala/tpu/TPU.scala"},"position":{"line":127,"character":9}}[0m
[0m[[0m[0mdebug[0m] [0m[0mlsp-definition found line:         copyMatrixToPadded(io.a.bits, paddedA)[0m
[0m[[0m[0mdebug[0m] [0m[0mUnhandled notification received: $/cancelRequest: JsonRpcNotificationMessage(2.0, $/cancelRequest, {"id":126})[0m
[0m[[0m[0mdebug[0m] [0m[0mlsp-definition json request: {"textDocument":{"uri":"file:///Users/johnyu/Projects/CSE228A/ChiselTPU/src/main/scala/tpu/TPU.scala"},"position":{"line":126,"character":21}}[0m
[0m[[0m[0mdebug[0m] [0m[0mlsp-definition found line:         act_in := io.a.bits[0m
[0m[[0m[0mdebug[0m] [0m[0msymbol a[0m
[0m[[0m[0mdebug[0m] [0m[0mlsp-definition potentials: Set()[0m
[0m[[0m[0mdebug[0m] [0m[0mlsp-definition locations Vector()[0m
[0m[[0m[0mdebug[0m] [0m[0msymbol a_ready[0m
[0m[[0m[0mdebug[0m] [0m[0mlsp-definition potentials: Set()[0m
[0m[[0m[0mdebug[0m] [0m[0mlsp-definition locations Vector()[0m
[0m[[0m[0mdebug[0m] [0m[0msymbol copyMatrixToPadded[0m
[0m[[0m[0mdebug[0m] [0m[0mlsp-definition potentials: Set()[0m
[0m[[0m[0mdebug[0m] [0m[0mlsp-definition locations Vector()[0m
[0m[[0m[0mdebug[0m] [0m[0mlsp-definition json request: {"textDocument":{"uri":"file:///Users/johnyu/Projects/CSE228A/ChiselTPU/src/main/scala/tpu/TPU.scala"},"position":{"line":128,"character":82}}[0m
[0m[[0m[0mdebug[0m] [0m[0mlsp-definition found line:         a_ready := false.B[0m
[0m[[0m[0minfo[0m] [0m[0mSymbol not found in definition request {"textDocument":{"uri":"file:///Users/johnyu/Projects/CSE228A/ChiselTPU/src/main/scala/tpu/TPU.scala"},"position":{"line":128,"character":82}}[0m
[0m[[0m[0mdebug[0m] [0m[0mlsp-definition json request: {"textDocument":{"uri":"file:///Users/johnyu/Projects/CSE228A/ChiselTPU/src/main/scala/tpu/TPU.scala"},"position":{"line":126,"character":20}}[0m
[0m[[0m[0mdebug[0m] [0m[0mlsp-definition found line:         act_in := io.a.bits[0m
[0m[[0m[0mdebug[0m] [0m[0mUnhandled notification received: $/cancelRequest: JsonRpcNotificationMessage(2.0, $/cancelRequest, {"id":129})[0m
[0m[[0m[0mdebug[0m] [0m[0mlsp-definition json request: {"textDocument":{"uri":"file:///Users/johnyu/Projects/CSE228A/ChiselTPU/src/main/scala/tpu/TPU.scala"},"position":{"line":125,"character":22}}[0m
[0m[[0m[0mdebug[0m] [0m[0mlsp-definition found line:         state := fill[0m
[0m[[0m[0minfo[0m] [0m[0mSymbol not found in definition request {"textDocument":{"uri":"file:///Users/johnyu/Projects/CSE228A/ChiselTPU/src/main/scala/tpu/TPU.scala"},"position":{"line":125,"character":22}}[0m
[0m[[0m[0mdebug[0m] [0m[0msymbol io[0m
[0m[[0m[0mdebug[0m] [0m[0mlsp-definition potentials: Set()[0m
[0m[[0m[0mdebug[0m] [0m[0mlsp-definition locations Vector()[0m
