[0m[[0m[0mdebug[0m] [0m[0m> Exec(test, Some(124b1e98-6b47-4afd-a569-2547f319e2c6), Some(CommandSource(console0)))[0m
[0m[[0m[0mdebug[0m] [0m[0mEvaluating tasks: Test / test[0m
[0m[[0m[0mdebug[0m] [0m[0mRunning task... Cancel: Signal, check cycles: false, forcegc: true[0m
[0m[[0m[0mdebug[0m] [0m[0mjsonRpcNotify: JsonRpcNotificationMessage(2.0, build/taskStart, {"taskId":{"id":"73","parents":[]},"eventTime":1677299687224,"message":"Compiling root","dataKind":"compile-task","data":{"target":{"uri":"file:/Users/johnyu/Projects/CSE228A/ChiselTPU/#root/Compile"}}})[0m
[0m[[0m[0mdebug[0m] [0m[0mjsonRpcNotify: JsonRpcNotificationMessage(2.0, build/taskFinish, {"taskId":{"id":"73","parents":[]},"eventTime":1677299687229,"message":"Compiled root","status":1,"dataKind":"compile-report","data":{"target":{"uri":"file:/Users/johnyu/Projects/CSE228A/ChiselTPU/#root/Compile"},"errors":0,"warnings":0,"time":5}})[0m
[0m[[0m[0mdebug[0m] [0m[0mjsonRpcNotify: JsonRpcNotificationMessage(2.0, build/taskStart, {"taskId":{"id":"74","parents":[]},"eventTime":1677299687232,"message":"Compiling root-test","dataKind":"compile-task","data":{"target":{"uri":"file:/Users/johnyu/Projects/CSE228A/ChiselTPU/#root/Test"}}})[0m
[0m[[0m[0minfo[0m] [0m[0mcompiling 1 Scala source to /Users/johnyu/Projects/CSE228A/ChiselTPU/target/scala-2.13/test-classes ...[0m
[0m[[0m[0mdebug[0m] [0m[0mjsonRpcNotify: JsonRpcNotificationMessage(2.0, build/logMessage, {"type":3,"message":"compiling 1 Scala source to /Users/johnyu/Projects/CSE228A/ChiselTPU/target/scala-2.13/test-classes ..."})[0m
[0m[[0m[0mdebug[0m] [0m[0mjsonRpcNotify: JsonRpcNotificationMessage(2.0, build/taskProgress, {"taskId":{"id":"74","parents":[]},"eventTime":1677299687294,"message":"Compiling root-test (10%)","total":28,"progress":10,"dataKind":"compile-progress","data":{"target":{"uri":"file:/Users/johnyu/Projects/CSE228A/ChiselTPU/#root/Test"}}})[0m
[0m[[0m[0mdebug[0m] [0m[0mjsonRpcNotify: JsonRpcNotificationMessage(2.0, build/taskProgress, {"taskId":{"id":"74","parents":[]},"eventTime":1677299687295,"message":"Compiling root-test (10%)","total":28,"progress":10,"dataKind":"compile-progress","data":{"target":{"uri":"file:/Users/johnyu/Projects/CSE228A/ChiselTPU/#root/Test"}}})[0m
[0m[[0m[0mdebug[0m] [0m[0mjsonRpcNotify: JsonRpcNotificationMessage(2.0, build/taskProgress, {"taskId":{"id":"74","parents":[]},"eventTime":1677299687427,"message":"Compiling root-test (25%)","total":28,"progress":25,"dataKind":"compile-progress","data":{"target":{"uri":"file:/Users/johnyu/Projects/CSE228A/ChiselTPU/#root/Test"}}})[0m
[0m[[0m[0mdebug[0m] [0m[0mjsonRpcNotify: JsonRpcNotificationMessage(2.0, build/taskProgress, {"taskId":{"id":"74","parents":[]},"eventTime":1677299687427,"message":"Compiling root-test (25%)","total":28,"progress":25,"dataKind":"compile-progress","data":{"target":{"uri":"file:/Users/johnyu/Projects/CSE228A/ChiselTPU/#root/Test"}}})[0m
[0m[[0m[0mdebug[0m] [0m[0mjsonRpcNotify: JsonRpcNotificationMessage(2.0, build/taskProgress, {"taskId":{"id":"74","parents":[]},"eventTime":1677299687460,"message":"Compiling root-test (35%)","total":28,"progress":35,"dataKind":"compile-progress","data":{"target":{"uri":"file:/Users/johnyu/Projects/CSE228A/ChiselTPU/#root/Test"}}})[0m
[0m[[0m[0mdebug[0m] [0m[0mjsonRpcNotify: JsonRpcNotificationMessage(2.0, build/taskProgress, {"taskId":{"id":"74","parents":[]},"eventTime":1677299687460,"message":"Compiling root-test (35%)","total":28,"progress":35,"dataKind":"compile-progress","data":{"target":{"uri":"file:/Users/johnyu/Projects/CSE228A/ChiselTPU/#root/Test"}}})[0m
[0m[[0m[0mdebug[0m] [0m[0mjsonRpcNotify: JsonRpcNotificationMessage(2.0, build/taskProgress, {"taskId":{"id":"74","parents":[]},"eventTime":1677299687478,"message":"Compiling root-test (50%)","total":28,"progress":50,"dataKind":"compile-progress","data":{"target":{"uri":"file:/Users/johnyu/Projects/CSE228A/ChiselTPU/#root/Test"}}})[0m
[0m[[0m[0mdebug[0m] [0m[0mjsonRpcNotify: JsonRpcNotificationMessage(2.0, build/taskProgress, {"taskId":{"id":"74","parents":[]},"eventTime":1677299687478,"message":"Compiling root-test (50%)","total":28,"progress":50,"dataKind":"compile-progress","data":{"target":{"uri":"file:/Users/johnyu/Projects/CSE228A/ChiselTPU/#root/Test"}}})[0m
[0m[[0m[0mdebug[0m] [0m[0mjsonRpcNotify: JsonRpcNotificationMessage(2.0, build/taskProgress, {"taskId":{"id":"74","parents":[]},"eventTime":1677299687502,"message":"Compiling root-test (60%)","total":28,"progress":60,"dataKind":"compile-progress","data":{"target":{"uri":"file:/Users/johnyu/Projects/CSE228A/ChiselTPU/#root/Test"}}})[0m
[0m[[0m[0mdebug[0m] [0m[0mjsonRpcNotify: JsonRpcNotificationMessage(2.0, build/taskProgress, {"taskId":{"id":"74","parents":[]},"eventTime":1677299687523,"message":"Compiling root-test (60%)","total":28,"progress":60,"dataKind":"compile-progress","data":{"target":{"uri":"file:/Users/johnyu/Projects/CSE228A/ChiselTPU/#root/Test"}}})[0m
[0m[[0m[0mdebug[0m] [0m[0mjsonRpcNotify: JsonRpcNotificationMessage(2.0, build/taskProgress, {"taskId":{"id":"74","parents":[]},"eventTime":1677299687548,"message":"Compiling root-test (75%)","total":28,"progress":75,"dataKind":"compile-progress","data":{"target":{"uri":"file:/Users/johnyu/Projects/CSE228A/ChiselTPU/#root/Test"}}})[0m
[0m[[0m[0mdebug[0m] [0m[0mjsonRpcNotify: JsonRpcNotificationMessage(2.0, build/taskProgress, {"taskId":{"id":"74","parents":[]},"eventTime":1677299687548,"message":"Compiling root-test (75%)","total":28,"progress":75,"dataKind":"compile-progress","data":{"target":{"uri":"file:/Users/johnyu/Projects/CSE228A/ChiselTPU/#root/Test"}}})[0m
[0m[[0m[0mdebug[0m] [0m[0mjsonRpcNotify: JsonRpcNotificationMessage(2.0, build/taskProgress, {"taskId":{"id":"74","parents":[]},"eventTime":1677299687573,"message":"Compiling root-test (85%)","total":28,"progress":85,"dataKind":"compile-progress","data":{"target":{"uri":"file:/Users/johnyu/Projects/CSE228A/ChiselTPU/#root/Test"}}})[0m
[0m[[0m[0mdebug[0m] [0m[0mjsonRpcNotify: JsonRpcNotificationMessage(2.0, build/taskProgress, {"taskId":{"id":"74","parents":[]},"eventTime":1677299687573,"message":"Compiling root-test (85%)","total":28,"progress":85,"dataKind":"compile-progress","data":{"target":{"uri":"file:/Users/johnyu/Projects/CSE228A/ChiselTPU/#root/Test"}}})[0m
[0m[[0m[0mdebug[0m] [0m[0mjsonRpcNotify: JsonRpcNotificationMessage(2.0, build/taskProgress, {"taskId":{"id":"74","parents":[]},"eventTime":1677299687606,"message":"Compiling root-test (100%)","total":28,"progress":100,"dataKind":"compile-progress","data":{"target":{"uri":"file:/Users/johnyu/Projects/CSE228A/ChiselTPU/#root/Test"}}})[0m
[0m[[0m[0mdebug[0m] [0m[0mjsonRpcNotify: JsonRpcNotificationMessage(2.0, build/taskProgress, {"taskId":{"id":"74","parents":[]},"eventTime":1677299687606,"message":"Compiling root-test (100%)","total":28,"progress":100,"dataKind":"compile-progress","data":{"target":{"uri":"file:/Users/johnyu/Projects/CSE228A/ChiselTPU/#root/Test"}}})[0m
[0m[[0m[0mdebug[0m] [0m[0mjsonRpcNotify: JsonRpcNotificationMessage(2.0, build/publishDiagnostics, {"textDocument":{"uri":"file:///Users/johnyu/Projects/CSE228A/ChiselTPU/src/test/scala/tpu/SystolicArrayModelTest.scala"},"buildTarget":{"uri":"file:/Users/johnyu/Projects/CSE228A/ChiselTPU/#root/Test"},"diagnostics":[],"reset":true})[0m
[0m[[0m[0mdebug[0m] [0m[0mjsonRpcNotify: JsonRpcNotificationMessage(2.0, build/taskFinish, {"taskId":{"id":"74","parents":[]},"eventTime":1677299687625,"message":"Compiled root-test","status":1,"dataKind":"compile-report","data":{"target":{"uri":"file:/Users/johnyu/Projects/CSE228A/ChiselTPU/#root/Test"},"errors":0,"warnings":0,"time":393}})[0m
[0m[[0m[0minfo[0m] [0m[0m[32mSystolicArrayModelTester:[0m[0m
[0m[[0m[0minfo[0m] [0m[0m[31mtpu.SystolicArrayModelTester *** ABORTED ***[0m[0m
[0m[[0m[0minfo[0m] [0m[0m[31m  Duplicate test name: SystolicArrayModel should get the staggered input array 4x4 (SystolicArrayModelTest.scala:76)[0m[0m
[0m[[0m[0mdebug[0m] [0m[0mjsonRpcNotify: JsonRpcNotificationMessage(2.0, build/logMessage, {"type":3,"message":"\u001b[32mSystolicArrayModelTester:\u001b[0m"})[0m
[0m[[0m[0mdebug[0m] [0m[0mjsonRpcNotify: JsonRpcNotificationMessage(2.0, build/logMessage, {"type":3,"message":"\u001b[31mtpu.SystolicArrayModelTester *** ABORTED ***\u001b[0m"})[0m
[0m[[0m[0mdebug[0m] [0m[0mjsonRpcNotify: JsonRpcNotificationMessage(2.0, build/logMessage, {"type":3,"message":"\u001b[31m  Duplicate test name: SystolicArrayModel should get the staggered input array 4x4 (SystolicArrayModelTest.scala:76)\u001b[0m"})[0m
[0m[[0m[0minfo[0m] [0m[0m[36mRun completed in 94 milliseconds.[0m[0m
[0m[[0m[0minfo[0m] [0m[0m[36mTotal number of tests run: 0[0m[0m
[0m[[0m[0minfo[0m] [0m[0m[36mSuites: completed 0, aborted 1[0m[0m
[0m[[0m[0minfo[0m] [0m[0m[36mTests: succeeded 0, failed 0, canceled 0, ignored 0, pending 0[0m[0m
[0m[[0m[0minfo[0m] [0m[0m[31m*** 1 SUITE ABORTED ***[0m[0m
[0m[[0m[0mdebug[0m] [0m[0mjsonRpcNotify: JsonRpcNotificationMessage(2.0, build/logMessage, {"type":3,"message":"\u001b[36mRun completed in 94 milliseconds.\u001b[0m\n\u001b[36mTotal number of tests run: 0\u001b[0m\n\u001b[36mSuites: completed 0, aborted 1\u001b[0m\n\u001b[36mTests: succeeded 0, failed 0, canceled 0, ignored 0, pending 0\u001b[0m\n\u001b[31m*** 1 SUITE ABORTED ***\u001b[0m"})[0m
[0m[[0m[31merror[0m] [0m[0mError during tests:[0m
[0m[[0m[0mdebug[0m] [0m[0mjsonRpcNotify: JsonRpcNotificationMessage(2.0, build/logMessage, {"type":1,"message":"Error during tests:"})[0m
[0m[[0m[31merror[0m] [0m[0m	tpu.SystolicArrayModelTester[0m
[0m[[0m[0mdebug[0m] [0m[0mjsonRpcNotify: JsonRpcNotificationMessage(2.0, build/logMessage, {"type":1,"message":"\ttpu.SystolicArrayModelTester"})[0m
[0m[[0m[31merror[0m] [0m[0m(Test / [31mtest[0m) sbt.TestsFailedException: Tests unsuccessful[0m
[0m[[0m[0mdebug[0m] [0m[0mjsonRpcNotify: JsonRpcNotificationMessage(2.0, build/logMessage, {"type":1,"message":"(Test / \u001b[31mtest\u001b[0m) sbt.TestsFailedException: Tests unsuccessful"})[0m
[0m[[0m[31merror[0m] [0m[0mTotal time: 1 s, completed Feb 24, 2023, 8:34:47 PM[0m
[0m[[0m[0mdebug[0m] [0m[0m> Exec(shell, None, None)[0m
[0m[[0m[0mdebug[0m] [0m[0mlsp-definition json request: {"textDocument":{"uri":"file:///Users/johnyu/Projects/CSE228A/ChiselTPU/src/test/scala/tpu/SystolicArrayModelTest.scala"},"position":{"line":75,"character":46}}[0m
[0m[[0m[0mdebug[0m] [0m[0mlsp-definition found line:   it should "get the staggered input array 4x4" in {[0m
[0m[[0m[0mdebug[0m] [0m[0mUnhandled notification received: $/cancelRequest: JsonRpcNotificationMessage(2.0, $/cancelRequest, {"id":37})[0m
[0m[[0m[0mdebug[0m] [0m[0mlsp-definition json request: {"textDocument":{"uri":"file:///Users/johnyu/Projects/CSE228A/ChiselTPU/src/test/scala/tpu/SystolicArrayModelTest.scala"},"position":{"line":76,"character":43}}[0m
[0m[[0m[0mdebug[0m] [0m[0mlsp-definition found line:     val sam = SystolicArrayModel(SystolicArrayModelData.a, SystolicArrayModelData.b)[0m
[0m[[0m[0mdebug[0m] [0m[0mUnhandled notification received: $/cancelRequest: JsonRpcNotificationMessage(2.0, $/cancelRequest, {"id":38})[0m
[0m[[0m[0mdebug[0m] [0m[0mlsp-definition json request: {"textDocument":{"uri":"file:///Users/johnyu/Projects/CSE228A/ChiselTPU/src/test/scala/tpu/SystolicArrayModelTest.scala"},"position":{"line":77,"character":42}}[0m
[0m[[0m[0mdebug[0m] [0m[0mlsp-definition found line:     assert(sam.getStagger(SystolicArrayModelData.a4x3) == SystolicArrayModelData.staggerAns4x3)[0m
[0m[[0m[0mdebug[0m] [0m[0msymbol x4[0m
[0m[[0m[0mdebug[0m] [0m[0mlsp-definition locations Vector()[0m
