[0m[[0m[0mdebug[0m] [0m[0m> Exec(;Test/compile; collectAnalyses, None, Some(CommandSource(network-1)))[0m
[0m[[0m[0mdebug[0m] [0m[0munmatched Processing event for requestId None: None[0m
[0m[[0m[0mdebug[0m] [0m[0munmatched Done event for requestId None: None[0m
[0m[[0m[0mdebug[0m] [0m[0m> Exec(Test/compile, None, Some(CommandSource(network-1)))[0m
[0m[[0m[0mdebug[0m] [0m[0munmatched Processing event for requestId None: None[0m
[0m[[0m[0mdebug[0m] [0m[0mEvaluating tasks: Test / compile[0m
[0m[[0m[0mdebug[0m] [0m[0mRunning task... Cancel: Signal, check cycles: false, forcegc: true[0m
[0m[[0m[0mdebug[0m] [0m[0mjsonRpcNotify: JsonRpcNotificationMessage(2.0, build/taskStart, {"taskId":{"id":"138","parents":[]},"eventTime":1678681717506,"message":"Compiling root","dataKind":"compile-task","data":{"target":{"uri":"file:/Users/johnyu/Projects/CSE228A/ChiselTPU/#root/Compile"}}})[0m
[0m[[0m[0minfo[0m] [0m[0mcompiling 1 Scala source to /Users/johnyu/Projects/CSE228A/ChiselTPU/target/scala-2.13/classes ...[0m
[0m[[0m[0mdebug[0m] [0m[0mjsonRpcNotify: JsonRpcNotificationMessage(2.0, build/logMessage, {"type":3,"message":"compiling 1 Scala source to /Users/johnyu/Projects/CSE228A/ChiselTPU/target/scala-2.13/classes ..."})[0m
[0m[[0m[0mdebug[0m] [0m[0mjsonRpcNotify: JsonRpcNotificationMessage(2.0, build/taskProgress, {"taskId":{"id":"138","parents":[]},"eventTime":1678681717583,"message":"Compiling root (10%)","total":28,"progress":10,"dataKind":"compile-progress","data":{"target":{"uri":"file:/Users/johnyu/Projects/CSE228A/ChiselTPU/#root/Compile"}}})[0m
[0m[[0m[0mdebug[0m] [0m[0mjsonRpcNotify: JsonRpcNotificationMessage(2.0, build/taskProgress, {"taskId":{"id":"138","parents":[]},"eventTime":1678681717583,"message":"Compiling root (10%)","total":28,"progress":10,"dataKind":"compile-progress","data":{"target":{"uri":"file:/Users/johnyu/Projects/CSE228A/ChiselTPU/#root/Compile"}}})[0m
[0m[[0m[0mdebug[0m] [0m[0mjsonRpcNotify: JsonRpcNotificationMessage(2.0, build/taskProgress, {"taskId":{"id":"138","parents":[]},"eventTime":1678681717865,"message":"Compiling root (25%)","total":28,"progress":25,"dataKind":"compile-progress","data":{"target":{"uri":"file:/Users/johnyu/Projects/CSE228A/ChiselTPU/#root/Compile"}}})[0m
[0m[[0m[0mdebug[0m] [0m[0mjsonRpcNotify: JsonRpcNotificationMessage(2.0, build/taskProgress, {"taskId":{"id":"138","parents":[]},"eventTime":1678681717865,"message":"Compiling root (25%)","total":28,"progress":25,"dataKind":"compile-progress","data":{"target":{"uri":"file:/Users/johnyu/Projects/CSE228A/ChiselTPU/#root/Compile"}}})[0m
[0m[[0m[0mdebug[0m] [0m[0mjsonRpcNotify: JsonRpcNotificationMessage(2.0, build/taskProgress, {"taskId":{"id":"138","parents":[]},"eventTime":1678681717887,"message":"Compiling root (35%)","total":28,"progress":35,"dataKind":"compile-progress","data":{"target":{"uri":"file:/Users/johnyu/Projects/CSE228A/ChiselTPU/#root/Compile"}}})[0m
[0m[[0m[0mdebug[0m] [0m[0mjsonRpcNotify: JsonRpcNotificationMessage(2.0, build/taskProgress, {"taskId":{"id":"138","parents":[]},"eventTime":1678681717887,"message":"Compiling root (35%)","total":28,"progress":35,"dataKind":"compile-progress","data":{"target":{"uri":"file:/Users/johnyu/Projects/CSE228A/ChiselTPU/#root/Compile"}}})[0m
[0m[[0m[0mdebug[0m] [0m[0mjsonRpcNotify: JsonRpcNotificationMessage(2.0, build/taskProgress, {"taskId":{"id":"138","parents":[]},"eventTime":1678681717959,"message":"Compiling root (50%)","total":28,"progress":50,"dataKind":"compile-progress","data":{"target":{"uri":"file:/Users/johnyu/Projects/CSE228A/ChiselTPU/#root/Compile"}}})[0m
[0m[[0m[0mdebug[0m] [0m[0mjsonRpcNotify: JsonRpcNotificationMessage(2.0, build/taskProgress, {"taskId":{"id":"138","parents":[]},"eventTime":1678681717959,"message":"Compiling root (50%)","total":28,"progress":50,"dataKind":"compile-progress","data":{"target":{"uri":"file:/Users/johnyu/Projects/CSE228A/ChiselTPU/#root/Compile"}}})[0m
[0m[[0m[0mdebug[0m] [0m[0mjsonRpcNotify: JsonRpcNotificationMessage(2.0, build/taskProgress, {"taskId":{"id":"138","parents":[]},"eventTime":1678681718006,"message":"Compiling root (60%)","total":28,"progress":60,"dataKind":"compile-progress","data":{"target":{"uri":"file:/Users/johnyu/Projects/CSE228A/ChiselTPU/#root/Compile"}}})[0m
[0m[[0m[0mdebug[0m] [0m[0mjsonRpcNotify: JsonRpcNotificationMessage(2.0, build/taskProgress, {"taskId":{"id":"138","parents":[]},"eventTime":1678681718015,"message":"Compiling root (60%)","total":28,"progress":60,"dataKind":"compile-progress","data":{"target":{"uri":"file:/Users/johnyu/Projects/CSE228A/ChiselTPU/#root/Compile"}}})[0m
[0m[[0m[0mdebug[0m] [0m[0mjsonRpcNotify: JsonRpcNotificationMessage(2.0, build/taskProgress, {"taskId":{"id":"138","parents":[]},"eventTime":1678681718071,"message":"Compiling root (75%)","total":28,"progress":75,"dataKind":"compile-progress","data":{"target":{"uri":"file:/Users/johnyu/Projects/CSE228A/ChiselTPU/#root/Compile"}}})[0m
[0m[[0m[0mdebug[0m] [0m[0mjsonRpcNotify: JsonRpcNotificationMessage(2.0, build/taskProgress, {"taskId":{"id":"138","parents":[]},"eventTime":1678681718072,"message":"Compiling root (75%)","total":28,"progress":75,"dataKind":"compile-progress","data":{"target":{"uri":"file:/Users/johnyu/Projects/CSE228A/ChiselTPU/#root/Compile"}}})[0m
[0m[[0m[0mdebug[0m] [0m[0mjsonRpcNotify: JsonRpcNotificationMessage(2.0, build/taskProgress, {"taskId":{"id":"138","parents":[]},"eventTime":1678681718107,"message":"Compiling root (85%)","total":28,"progress":85,"dataKind":"compile-progress","data":{"target":{"uri":"file:/Users/johnyu/Projects/CSE228A/ChiselTPU/#root/Compile"}}})[0m
[0m[[0m[0mdebug[0m] [0m[0mjsonRpcNotify: JsonRpcNotificationMessage(2.0, build/taskProgress, {"taskId":{"id":"138","parents":[]},"eventTime":1678681718107,"message":"Compiling root (85%)","total":28,"progress":85,"dataKind":"compile-progress","data":{"target":{"uri":"file:/Users/johnyu/Projects/CSE228A/ChiselTPU/#root/Compile"}}})[0m
[0m[[0m[0mdebug[0m] [0m[0mjsonRpcNotify: JsonRpcNotificationMessage(2.0, build/taskProgress, {"taskId":{"id":"138","parents":[]},"eventTime":1678681718211,"message":"Compiling root (100%)","total":28,"progress":100,"dataKind":"compile-progress","data":{"target":{"uri":"file:/Users/johnyu/Projects/CSE228A/ChiselTPU/#root/Compile"}}})[0m
[0m[[0m[0mdebug[0m] [0m[0mjsonRpcNotify: JsonRpcNotificationMessage(2.0, build/taskProgress, {"taskId":{"id":"138","parents":[]},"eventTime":1678681718211,"message":"Compiling root (100%)","total":28,"progress":100,"dataKind":"compile-progress","data":{"target":{"uri":"file:/Users/johnyu/Projects/CSE228A/ChiselTPU/#root/Compile"}}})[0m
[0m[[0m[0mdebug[0m] [0m[0mjsonRpcNotify: JsonRpcNotificationMessage(2.0, build/taskFinish, {"taskId":{"id":"138","parents":[]},"eventTime":1678681718259,"message":"Compiled root","status":1,"dataKind":"compile-report","data":{"target":{"uri":"file:/Users/johnyu/Projects/CSE228A/ChiselTPU/#root/Compile"},"errors":0,"warnings":0,"time":753}})[0m
[0m[[0m[0mdebug[0m] [0m[0mjsonRpcNotify: JsonRpcNotificationMessage(2.0, build/taskStart, {"taskId":{"id":"139","parents":[]},"eventTime":1678681718270,"message":"Compiling root-test","dataKind":"compile-task","data":{"target":{"uri":"file:/Users/johnyu/Projects/CSE228A/ChiselTPU/#root/Test"}}})[0m
[0m[[0m[0mdebug[0m] [0m[0mjsonRpcNotify: JsonRpcNotificationMessage(2.0, build/publishDiagnostics, {"textDocument":{"uri":"file:///Users/johnyu/Projects/CSE228A/ChiselTPU/src/test/scala/tpu/ActRegModelTest.scala"},"buildTarget":{"uri":"file:/Users/johnyu/Projects/CSE228A/ChiselTPU/#root/Test"},"diagnostics":[{"range":{"start":{"line":0,"character":0},"end":{"line":0,"character":1}},"severity":3,"source":"sbt","message":"\nFound names but no class, trait or object is defined in the compilation unit.\nThe incremental compiler cannot record the dependency information in such case.\nSome errors like unused import referring to a non-existent class might not be reported.\n    "},{"range":{"start":{"line":0,"character":0},"end":{"line":0,"character":1}},"severity":3,"source":"sbt","message":"\nFound top level imports but no class, trait or object is defined in the compilation unit.\nThe incremental compiler cannot record the dependency information in such case.\nSome errors like unused import referring to a non-existent class might not be reported.\n    "}],"reset":true})[0m
[0m[[0m[0mdebug[0m] [0m[0mjsonRpcNotify: JsonRpcNotificationMessage(2.0, build/publishDiagnostics, {"textDocument":{"uri":"file:///Users/johnyu/Projects/CSE228A/ChiselTPU/src/test/scala/tpu/TPUModelTester.scala"},"buildTarget":{"uri":"file:/Users/johnyu/Projects/CSE228A/ChiselTPU/#root/Test"},"diagnostics":[{"range":{"start":{"line":0,"character":0},"end":{"line":0,"character":1}},"severity":3,"source":"sbt","message":"\nFound names but no class, trait or object is defined in the compilation unit.\nThe incremental compiler cannot record the dependency information in such case.\nSome errors like unused import referring to a non-existent class might not be reported.\n    "},{"range":{"start":{"line":0,"character":0},"end":{"line":0,"character":1}},"severity":3,"source":"sbt","message":"\nFound top level imports but no class, trait or object is defined in the compilation unit.\nThe incremental compiler cannot record the dependency information in such case.\nSome errors like unused import referring to a non-existent class might not be reported.\n    "}],"reset":true})[0m
[0m[[0m[0mdebug[0m] [0m[0mjsonRpcNotify: JsonRpcNotificationMessage(2.0, build/taskFinish, {"taskId":{"id":"139","parents":[]},"eventTime":1678681718276,"message":"Compiled root-test","status":1,"dataKind":"compile-report","data":{"target":{"uri":"file:/Users/johnyu/Projects/CSE228A/ChiselTPU/#root/Test"},"errors":0,"warnings":0,"time":6}})[0m
[0m[[0m[32msuccess[0m] [0m[0mTotal time: 1 s, completed Mar 12, 2023, 9:28:38 PM[0m
[0m[[0m[0mdebug[0m] [0m[0munmatched Done event for requestId None: None[0m
[0m[[0m[0mdebug[0m] [0m[0m> Exec(collectAnalyses, None, Some(CommandSource(network-1)))[0m
[0m[[0m[0mdebug[0m] [0m[0munmatched Processing event for requestId None: None[0m
[0m[[0m[0mdebug[0m] [0m[0mEvaluating tasks: Compile / collectAnalyses[0m
[0m[[0m[0mdebug[0m] [0m[0mRunning task... Cancel: Signal, check cycles: false, forcegc: true[0m
[0m[[0m[0mdebug[0m] [0m[0manalysis location (/Users/johnyu/Projects/CSE228A/ChiselTPU/target/scala-2.13/zinc/inc_compile_2.13.zip,true)[0m
[0m[[0m[32msuccess[0m] [0m[0mTotal time: 0 s, completed Mar 12, 2023, 9:28:38 PM[0m
[0m[[0m[0mdebug[0m] [0m[0munmatched Done event for requestId None: None[0m
[0m[[0m[0mdebug[0m] [0m[0m> Exec(shell, None, None)[0m
