[0m[[0m[0mdebug[0m] [0m[0m> Exec(test, Some(a6b08f4b-21fd-4871-9cf9-bb8f21c0aa0d), Some(CommandSource(console0)))[0m
[0m[[0m[0mdebug[0m] [0m[0mEvaluating tasks: Test / test[0m
[0m[[0m[0mdebug[0m] [0m[0mRunning task... Cancel: Signal, check cycles: false, forcegc: true[0m
[0m[[0m[0mdebug[0m] [0m[0mjsonRpcNotify: JsonRpcNotificationMessage(2.0, build/taskStart, {"taskId":{"id":"83","parents":[]},"eventTime":1677300090119,"message":"Compiling root","dataKind":"compile-task","data":{"target":{"uri":"file:/Users/johnyu/Projects/CSE228A/ChiselTPU/#root/Compile"}}})[0m
[0m[[0m[0mdebug[0m] [0m[0mjsonRpcNotify: JsonRpcNotificationMessage(2.0, build/taskFinish, {"taskId":{"id":"83","parents":[]},"eventTime":1677300090123,"message":"Compiled root","status":1,"dataKind":"compile-report","data":{"target":{"uri":"file:/Users/johnyu/Projects/CSE228A/ChiselTPU/#root/Compile"},"errors":0,"warnings":0,"time":4}})[0m
[0m[[0m[0mdebug[0m] [0m[0mjsonRpcNotify: JsonRpcNotificationMessage(2.0, build/taskStart, {"taskId":{"id":"84","parents":[]},"eventTime":1677300090130,"message":"Compiling root-test","dataKind":"compile-task","data":{"target":{"uri":"file:/Users/johnyu/Projects/CSE228A/ChiselTPU/#root/Test"}}})[0m
[0m[[0m[0minfo[0m] [0m[0mcompiling 1 Scala source to /Users/johnyu/Projects/CSE228A/ChiselTPU/target/scala-2.13/test-classes ...[0m
[0m[[0m[0mdebug[0m] [0m[0mjsonRpcNotify: JsonRpcNotificationMessage(2.0, build/logMessage, {"type":3,"message":"compiling 1 Scala source to /Users/johnyu/Projects/CSE228A/ChiselTPU/target/scala-2.13/test-classes ..."})[0m
[0m[[0m[0mdebug[0m] [0m[0mjsonRpcNotify: JsonRpcNotificationMessage(2.0, build/taskProgress, {"taskId":{"id":"84","parents":[]},"eventTime":1677300090187,"message":"Compiling root-test (10%)","total":28,"progress":10,"dataKind":"compile-progress","data":{"target":{"uri":"file:/Users/johnyu/Projects/CSE228A/ChiselTPU/#root/Test"}}})[0m
[0m[[0m[0mdebug[0m] [0m[0mjsonRpcNotify: JsonRpcNotificationMessage(2.0, build/taskProgress, {"taskId":{"id":"84","parents":[]},"eventTime":1677300090187,"message":"Compiling root-test (10%)","total":28,"progress":10,"dataKind":"compile-progress","data":{"target":{"uri":"file:/Users/johnyu/Projects/CSE228A/ChiselTPU/#root/Test"}}})[0m
[0m[[0m[0mdebug[0m] [0m[0mjsonRpcNotify: JsonRpcNotificationMessage(2.0, build/taskProgress, {"taskId":{"id":"84","parents":[]},"eventTime":1677300090459,"message":"Compiling root-test (25%)","total":28,"progress":25,"dataKind":"compile-progress","data":{"target":{"uri":"file:/Users/johnyu/Projects/CSE228A/ChiselTPU/#root/Test"}}})[0m
[0m[[0m[0mdebug[0m] [0m[0mjsonRpcNotify: JsonRpcNotificationMessage(2.0, build/taskProgress, {"taskId":{"id":"84","parents":[]},"eventTime":1677300090459,"message":"Compiling root-test (25%)","total":28,"progress":25,"dataKind":"compile-progress","data":{"target":{"uri":"file:/Users/johnyu/Projects/CSE228A/ChiselTPU/#root/Test"}}})[0m
[0m[[0m[0mdebug[0m] [0m[0mjsonRpcNotify: JsonRpcNotificationMessage(2.0, build/taskProgress, {"taskId":{"id":"84","parents":[]},"eventTime":1677300090495,"message":"Compiling root-test (35%)","total":28,"progress":35,"dataKind":"compile-progress","data":{"target":{"uri":"file:/Users/johnyu/Projects/CSE228A/ChiselTPU/#root/Test"}}})[0m
[0m[[0m[0mdebug[0m] [0m[0mjsonRpcNotify: JsonRpcNotificationMessage(2.0, build/taskProgress, {"taskId":{"id":"84","parents":[]},"eventTime":1677300090495,"message":"Compiling root-test (35%)","total":28,"progress":35,"dataKind":"compile-progress","data":{"target":{"uri":"file:/Users/johnyu/Projects/CSE228A/ChiselTPU/#root/Test"}}})[0m
[0m[[0m[0mdebug[0m] [0m[0mjsonRpcNotify: JsonRpcNotificationMessage(2.0, build/taskProgress, {"taskId":{"id":"84","parents":[]},"eventTime":1677300090515,"message":"Compiling root-test (50%)","total":28,"progress":50,"dataKind":"compile-progress","data":{"target":{"uri":"file:/Users/johnyu/Projects/CSE228A/ChiselTPU/#root/Test"}}})[0m
[0m[[0m[0mdebug[0m] [0m[0mjsonRpcNotify: JsonRpcNotificationMessage(2.0, build/taskProgress, {"taskId":{"id":"84","parents":[]},"eventTime":1677300090515,"message":"Compiling root-test (50%)","total":28,"progress":50,"dataKind":"compile-progress","data":{"target":{"uri":"file:/Users/johnyu/Projects/CSE228A/ChiselTPU/#root/Test"}}})[0m
[0m[[0m[0mdebug[0m] [0m[0mjsonRpcNotify: JsonRpcNotificationMessage(2.0, build/taskProgress, {"taskId":{"id":"84","parents":[]},"eventTime":1677300090535,"message":"Compiling root-test (60%)","total":28,"progress":60,"dataKind":"compile-progress","data":{"target":{"uri":"file:/Users/johnyu/Projects/CSE228A/ChiselTPU/#root/Test"}}})[0m
[0m[[0m[0mdebug[0m] [0m[0mjsonRpcNotify: JsonRpcNotificationMessage(2.0, build/taskProgress, {"taskId":{"id":"84","parents":[]},"eventTime":1677300090556,"message":"Compiling root-test (60%)","total":28,"progress":60,"dataKind":"compile-progress","data":{"target":{"uri":"file:/Users/johnyu/Projects/CSE228A/ChiselTPU/#root/Test"}}})[0m
[0m[[0m[0mdebug[0m] [0m[0mjsonRpcNotify: JsonRpcNotificationMessage(2.0, build/taskProgress, {"taskId":{"id":"84","parents":[]},"eventTime":1677300090582,"message":"Compiling root-test (75%)","total":28,"progress":75,"dataKind":"compile-progress","data":{"target":{"uri":"file:/Users/johnyu/Projects/CSE228A/ChiselTPU/#root/Test"}}})[0m
[0m[[0m[0mdebug[0m] [0m[0mjsonRpcNotify: JsonRpcNotificationMessage(2.0, build/taskProgress, {"taskId":{"id":"84","parents":[]},"eventTime":1677300090582,"message":"Compiling root-test (75%)","total":28,"progress":75,"dataKind":"compile-progress","data":{"target":{"uri":"file:/Users/johnyu/Projects/CSE228A/ChiselTPU/#root/Test"}}})[0m
[0m[[0m[0mdebug[0m] [0m[0mjsonRpcNotify: JsonRpcNotificationMessage(2.0, build/taskProgress, {"taskId":{"id":"84","parents":[]},"eventTime":1677300090606,"message":"Compiling root-test (85%)","total":28,"progress":85,"dataKind":"compile-progress","data":{"target":{"uri":"file:/Users/johnyu/Projects/CSE228A/ChiselTPU/#root/Test"}}})[0m
[0m[[0m[0mdebug[0m] [0m[0mjsonRpcNotify: JsonRpcNotificationMessage(2.0, build/taskProgress, {"taskId":{"id":"84","parents":[]},"eventTime":1677300090606,"message":"Compiling root-test (85%)","total":28,"progress":85,"dataKind":"compile-progress","data":{"target":{"uri":"file:/Users/johnyu/Projects/CSE228A/ChiselTPU/#root/Test"}}})[0m
[0m[[0m[0mdebug[0m] [0m[0mjsonRpcNotify: JsonRpcNotificationMessage(2.0, build/taskProgress, {"taskId":{"id":"84","parents":[]},"eventTime":1677300090635,"message":"Compiling root-test (100%)","total":28,"progress":100,"dataKind":"compile-progress","data":{"target":{"uri":"file:/Users/johnyu/Projects/CSE228A/ChiselTPU/#root/Test"}}})[0m
[0m[[0m[0mdebug[0m] [0m[0mjsonRpcNotify: JsonRpcNotificationMessage(2.0, build/taskProgress, {"taskId":{"id":"84","parents":[]},"eventTime":1677300090636,"message":"Compiling root-test (100%)","total":28,"progress":100,"dataKind":"compile-progress","data":{"target":{"uri":"file:/Users/johnyu/Projects/CSE228A/ChiselTPU/#root/Test"}}})[0m
[0m[[0m[0mdebug[0m] [0m[0mjsonRpcNotify: JsonRpcNotificationMessage(2.0, build/taskFinish, {"taskId":{"id":"84","parents":[]},"eventTime":1677300090655,"message":"Compiled root-test","status":1,"dataKind":"compile-report","data":{"target":{"uri":"file:/Users/johnyu/Projects/CSE228A/ChiselTPU/#root/Test"},"errors":0,"warnings":0,"time":525}})[0m
[0m[[0m[0minfo[0m] [0m[0m[32mSystolicArrayModelTester:[0m[0m
[0m[[0m[0minfo[0m] [0m[0m[32mSystolicArrayModel[0m[0m
[0m[[0m[0minfo[0m] [0m[0m[32m- should get the staggered input array[0m[0m
[0m[[0m[0minfo[0m] [0m[0m[32m- should get the staggered input array 2[0m[0m
[0m[[0m[0minfo[0m] [0m[0m[32m- should get the staggered input array 4x4[0m[0m
[0m[[0m[0minfo[0m] [0m[0m[32m- should get the staggered input array 4x3[0m[0m
[0m[[0m[0minfo[0m] [0m[0m[32m- should get the staggered input array 3x4[0m[0m
[0m[[0m[0mdebug[0m] [0m[0mjsonRpcNotify: JsonRpcNotificationMessage(2.0, build/logMessage, {"type":3,"message":"\u001b[32mSystolicArrayModelTester:\u001b[0m"})[0m
[0m[[0m[0mdebug[0m] [0m[0mjsonRpcNotify: JsonRpcNotificationMessage(2.0, build/logMessage, {"type":3,"message":"\u001b[32mSystolicArrayModel\u001b[0m"})[0m
[0m[[0m[0mdebug[0m] [0m[0mjsonRpcNotify: JsonRpcNotificationMessage(2.0, build/logMessage, {"type":3,"message":"\u001b[32m- should get the staggered input array\u001b[0m"})[0m
[0m[[0m[0mdebug[0m] [0m[0mjsonRpcNotify: JsonRpcNotificationMessage(2.0, build/logMessage, {"type":3,"message":"\u001b[32m- should get the staggered input array 2\u001b[0m"})[0m
[0m[[0m[0mdebug[0m] [0m[0mjsonRpcNotify: JsonRpcNotificationMessage(2.0, build/logMessage, {"type":3,"message":"\u001b[32m- should get the staggered input array 4x4\u001b[0m"})[0m
[0m[[0m[0mdebug[0m] [0m[0mjsonRpcNotify: JsonRpcNotificationMessage(2.0, build/logMessage, {"type":3,"message":"\u001b[32m- should get the staggered input array 4x3\u001b[0m"})[0m
[0m[[0m[0mdebug[0m] [0m[0mjsonRpcNotify: JsonRpcNotificationMessage(2.0, build/logMessage, {"type":3,"message":"\u001b[32m- should get the staggered input array 3x4\u001b[0m"})[0m
[0m[[0m[0minfo[0m] [0m[0m[36mRun completed in 138 milliseconds.[0m[0m
[0m[[0m[0minfo[0m] [0m[0m[36mTotal number of tests run: 5[0m[0m
[0m[[0m[0minfo[0m] [0m[0m[36mSuites: completed 1, aborted 0[0m[0m
[0m[[0m[0minfo[0m] [0m[0m[36mTests: succeeded 5, failed 0, canceled 0, ignored 0, pending 0[0m[0m
[0m[[0m[0minfo[0m] [0m[0m[32mAll tests passed.[0m[0m
[0m[[0m[0mdebug[0m] [0m[0mjsonRpcNotify: JsonRpcNotificationMessage(2.0, build/logMessage, {"type":3,"message":"\u001b[36mRun completed in 138 milliseconds.\u001b[0m\n\u001b[36mTotal number of tests run: 5\u001b[0m\n\u001b[36mSuites: completed 1, aborted 0\u001b[0m\n\u001b[36mTests: succeeded 5, failed 0, canceled 0, ignored 0, pending 0\u001b[0m\n\u001b[32mAll tests passed.\u001b[0m"})[0m
[0m[[0m[32msuccess[0m] [0m[0mTotal time: 1 s, completed Feb 24, 2023, 8:41:30 PM[0m
[0m[[0m[0mdebug[0m] [0m[0m> Exec(shell, None, None)[0m
