[0m[[0m[0mdebug[0m] [0m[0m> Exec(;Test/compile; collectAnalyses, None, Some(CommandSource(network-1)))[0m
[0m[[0m[0mdebug[0m] [0m[0munmatched Processing event for requestId None: None[0m
[0m[[0m[0mdebug[0m] [0m[0munmatched Done event for requestId None: None[0m
[0m[[0m[0mdebug[0m] [0m[0m> Exec(Test/compile, None, Some(CommandSource(network-1)))[0m
[0m[[0m[0mdebug[0m] [0m[0munmatched Processing event for requestId None: None[0m
[0m[[0m[0mdebug[0m] [0m[0mEvaluating tasks: Test / compile[0m
[0m[[0m[0mdebug[0m] [0m[0mRunning task... Cancel: Signal, check cycles: false, forcegc: true[0m
[0m[[0m[0mdebug[0m] [0m[0mjsonRpcNotify: JsonRpcNotificationMessage(2.0, build/taskStart, {"taskId":{"id":"144","parents":[]},"eventTime":1678683788375,"message":"Compiling root","dataKind":"compile-task","data":{"target":{"uri":"file:/Users/johnyu/Projects/CSE228A/ChiselTPU/#root/Compile"}}})[0m
[0m[[0m[0minfo[0m] [0m[0mcompiling 1 Scala source to /Users/johnyu/Projects/CSE228A/ChiselTPU/target/scala-2.13/classes ...[0m
[0m[[0m[0mdebug[0m] [0m[0mjsonRpcNotify: JsonRpcNotificationMessage(2.0, build/logMessage, {"type":3,"message":"compiling 1 Scala source to /Users/johnyu/Projects/CSE228A/ChiselTPU/target/scala-2.13/classes ..."})[0m
[0m[[0m[0mdebug[0m] [0m[0mjsonRpcNotify: JsonRpcNotificationMessage(2.0, build/taskProgress, {"taskId":{"id":"144","parents":[]},"eventTime":1678683788719,"message":"Compiling root (10%)","total":28,"progress":10,"dataKind":"compile-progress","data":{"target":{"uri":"file:/Users/johnyu/Projects/CSE228A/ChiselTPU/#root/Compile"}}})[0m
[0m[[0m[0mdebug[0m] [0m[0mjsonRpcNotify: JsonRpcNotificationMessage(2.0, build/taskProgress, {"taskId":{"id":"144","parents":[]},"eventTime":1678683788720,"message":"Compiling root (10%)","total":28,"progress":10,"dataKind":"compile-progress","data":{"target":{"uri":"file:/Users/johnyu/Projects/CSE228A/ChiselTPU/#root/Compile"}}})[0m
[0m[[0m[0mdebug[0m] [0m[0mjsonRpcNotify: JsonRpcNotificationMessage(2.0, build/publishDiagnostics, {"textDocument":{"uri":"file:///Users/johnyu/Projects/CSE228A/ChiselTPU/src/main/scala/tpu/TPU.scala"},"buildTarget":{"uri":"file:/Users/johnyu/Projects/CSE228A/ChiselTPU/#root/Compile"},"diagnostics":[{"range":{"start":{"line":69,"character":40},"end":{"line":69,"character":44}},"severity":1,"source":"sbt","message":"not found: value past"}],"reset":false})[0m
[0m[[0m[31merror[0m] [0m[0m/Users/johnyu/Projects/CSE228A/ChiselTPU/src/main/scala/tpu/TPU.scala:70:41: not found: value past[0m
[0m[[0m[31merror[0m] [0m[0m  val (sliceCycle, sliceWrap) = Counter(past(state) === slice, numSliceM * numSliceK * numSliceN)[0m
[0m[[0m[31merror[0m] [0m[0m                                        ^[0m
[0m[[0m[0mdebug[0m] [0m[0mjsonRpcNotify: JsonRpcNotificationMessage(2.0, build/logMessage, {"type":1,"message":"/Users/johnyu/Projects/CSE228A/ChiselTPU/src/main/scala/tpu/TPU.scala:70:41: not found: value past"})[0m
[0m[[0m[0mdebug[0m] [0m[0mjsonRpcNotify: JsonRpcNotificationMessage(2.0, build/logMessage, {"type":1,"message":"  val (sliceCycle, sliceWrap) = Counter(past(state) === slice, numSliceM * numSliceK * numSliceN)"})[0m
[0m[[0m[0mdebug[0m] [0m[0mjsonRpcNotify: JsonRpcNotificationMessage(2.0, build/logMessage, {"type":1,"message":"                                        ^"})[0m
[0m[[0m[0mdebug[0m] [0m[0mjsonRpcNotify: JsonRpcNotificationMessage(2.0, build/publishDiagnostics, {"textDocument":{"uri":"file:///Users/johnyu/Projects/CSE228A/ChiselTPU/src/main/scala/tpu/TPU.scala"},"buildTarget":{"uri":"file:/Users/johnyu/Projects/CSE228A/ChiselTPU/#root/Compile"},"diagnostics":[{"range":{"start":{"line":126,"character":36},"end":{"line":126,"character":48}},"severity":1,"source":"sbt","message":"value % is not a member of Any"}],"reset":false})[0m
[0m[[0m[31merror[0m] [0m[0m/Users/johnyu/Projects/CSE228A/ChiselTPU/src/main/scala/tpu/TPU.scala:127:48: value % is not a member of Any[0m
[0m[[0m[31merror[0m] [0m[0m    val topBoundA = systParams.m * (sliceCycle % (numSliceK*numSliceM))/numSliceM[0m
[0m[[0m[31merror[0m] [0m[0m                                               ^[0m
[0m[[0m[0mdebug[0m] [0m[0mjsonRpcNotify: JsonRpcNotificationMessage(2.0, build/logMessage, {"type":1,"message":"/Users/johnyu/Projects/CSE228A/ChiselTPU/src/main/scala/tpu/TPU.scala:127:48: value % is not a member of Any"})[0m
[0m[[0m[0mdebug[0m] [0m[0mjsonRpcNotify: JsonRpcNotificationMessage(2.0, build/logMessage, {"type":1,"message":"    val topBoundA = systParams.m * (sliceCycle % (numSliceK*numSliceM))/numSliceM"})[0m
[0m[[0m[0mdebug[0m] [0m[0mjsonRpcNotify: JsonRpcNotificationMessage(2.0, build/logMessage, {"type":1,"message":"                                               ^"})[0m
[0m[[0m[0mdebug[0m] [0m[0mjsonRpcNotify: JsonRpcNotificationMessage(2.0, build/publishDiagnostics, {"textDocument":{"uri":"file:///Users/johnyu/Projects/CSE228A/ChiselTPU/src/main/scala/tpu/TPU.scala"},"buildTarget":{"uri":"file:/Users/johnyu/Projects/CSE228A/ChiselTPU/#root/Compile"},"diagnostics":[{"range":{"start":{"line":127,"character":36},"end":{"line":127,"character":48}},"severity":1,"source":"sbt","message":"value % is not a member of Any"}],"reset":false})[0m
[0m[[0m[31merror[0m] [0m[0m/Users/johnyu/Projects/CSE228A/ChiselTPU/src/main/scala/tpu/TPU.scala:128:48: value % is not a member of Any[0m
[0m[[0m[31merror[0m] [0m[0m    val topBoundB = systParams.k * (sliceCycle % (numSliceK*numSliceN))/numSliceK[0m
[0m[[0m[31merror[0m] [0m[0m                                               ^[0m
[0m[[0m[0mdebug[0m] [0m[0mjsonRpcNotify: JsonRpcNotificationMessage(2.0, build/logMessage, {"type":1,"message":"/Users/johnyu/Projects/CSE228A/ChiselTPU/src/main/scala/tpu/TPU.scala:128:48: value % is not a member of Any"})[0m
[0m[[0m[0mdebug[0m] [0m[0mjsonRpcNotify: JsonRpcNotificationMessage(2.0, build/logMessage, {"type":1,"message":"    val topBoundB = systParams.k * (sliceCycle % (numSliceK*numSliceN))/numSliceK"})[0m
[0m[[0m[0mdebug[0m] [0m[0mjsonRpcNotify: JsonRpcNotificationMessage(2.0, build/logMessage, {"type":1,"message":"                                               ^"})[0m
[0m[[0m[0mdebug[0m] [0m[0mjsonRpcNotify: JsonRpcNotificationMessage(2.0, build/publishDiagnostics, {"textDocument":{"uri":"file:///Users/johnyu/Projects/CSE228A/ChiselTPU/src/main/scala/tpu/TPU.scala"},"buildTarget":{"uri":"file:/Users/johnyu/Projects/CSE228A/ChiselTPU/#root/Compile"},"diagnostics":[{"range":{"start":{"line":128,"character":38},"end":{"line":128,"character":50}},"severity":1,"source":"sbt","message":"value % is not a member of Any"}],"reset":false})[0m
[0m[[0m[31merror[0m] [0m[0m/Users/johnyu/Projects/CSE228A/ChiselTPU/src/main/scala/tpu/TPU.scala:129:50: value % is not a member of Any[0m
[0m[[0m[31merror[0m] [0m[0m    val leftBoundA =  systParams.k * (sliceCycle % (numSliceK*numSliceM))%numSliceK[0m
[0m[[0m[31merror[0m] [0m[0m                                                 ^[0m
[0m[[0m[0mdebug[0m] [0m[0mjsonRpcNotify: JsonRpcNotificationMessage(2.0, build/logMessage, {"type":1,"message":"/Users/johnyu/Projects/CSE228A/ChiselTPU/src/main/scala/tpu/TPU.scala:129:50: value % is not a member of Any"})[0m
[0m[[0m[0mdebug[0m] [0m[0mjsonRpcNotify: JsonRpcNotificationMessage(2.0, build/logMessage, {"type":1,"message":"    val leftBoundA =  systParams.k * (sliceCycle % (numSliceK*numSliceM))%numSliceK"})[0m
[0m[[0m[0mdebug[0m] [0m[0mjsonRpcNotify: JsonRpcNotificationMessage(2.0, build/logMessage, {"type":1,"message":"                                                 ^"})[0m
[0m[[0m[0mdebug[0m] [0m[0mjsonRpcNotify: JsonRpcNotificationMessage(2.0, build/publishDiagnostics, {"textDocument":{"uri":"file:///Users/johnyu/Projects/CSE228A/ChiselTPU/src/main/scala/tpu/TPU.scala"},"buildTarget":{"uri":"file:/Users/johnyu/Projects/CSE228A/ChiselTPU/#root/Compile"},"diagnostics":[{"range":{"start":{"line":129,"character":38},"end":{"line":129,"character":50}},"severity":1,"source":"sbt","message":"value % is not a member of Any"}],"reset":false})[0m
[0m[[0m[31merror[0m] [0m[0m/Users/johnyu/Projects/CSE228A/ChiselTPU/src/main/scala/tpu/TPU.scala:130:50: value % is not a member of Any[0m
[0m[[0m[31merror[0m] [0m[0m    val leftBoundB =  systParams.n * (sliceCycle % (numSliceK*numSliceN))%numSliceN[0m
[0m[[0m[31merror[0m] [0m[0m                                                 ^[0m
[0m[[0m[0mdebug[0m] [0m[0mjsonRpcNotify: JsonRpcNotificationMessage(2.0, build/logMessage, {"type":1,"message":"/Users/johnyu/Projects/CSE228A/ChiselTPU/src/main/scala/tpu/TPU.scala:130:50: value % is not a member of Any"})[0m
[0m[[0m[0mdebug[0m] [0m[0mjsonRpcNotify: JsonRpcNotificationMessage(2.0, build/logMessage, {"type":1,"message":"    val leftBoundB =  systParams.n * (sliceCycle % (numSliceK*numSliceN))%numSliceN"})[0m
[0m[[0m[0mdebug[0m] [0m[0mjsonRpcNotify: JsonRpcNotificationMessage(2.0, build/logMessage, {"type":1,"message":"                                                 ^"})[0m
[0m[[0m[0mdebug[0m] [0m[0mjsonRpcNotify: JsonRpcNotificationMessage(2.0, build/publishDiagnostics, {"textDocument":{"uri":"file:///Users/johnyu/Projects/CSE228A/ChiselTPU/src/main/scala/tpu/TPU.scala"},"buildTarget":{"uri":"file:/Users/johnyu/Projects/CSE228A/ChiselTPU/#root/Compile"},"diagnostics":[{"range":{"start":{"line":131,"character":4},"end":{"line":131,"character":14}},"severity":1,"source":"sbt","message":"missing argument list for method := in class Vec\nUnapplied methods are only converted to functions when a function type is expected.\nYou can make this conversion explicit by writing `:= _` or `:=(_)(_,_)` instead of `:=`."}],"reset":false})[0m
[0m[[0m[31merror[0m] [0m[0m/Users/johnyu/Projects/CSE228A/ChiselTPU/src/main/scala/tpu/TPU.scala:132:13: missing argument list for method := in class Vec[0m
[0m[[0m[31merror[0m] [0m[0mUnapplied methods are only converted to functions when a function type is expected.[0m
[0m[[0m[31merror[0m] [0m[0mYou can make this conversion explicit by writing `:= _` or `:=(_)(_,_)` instead of `:=`.[0m
[0m[[0m[31merror[0m] [0m[0m    slicedA := [0m
[0m[[0m[31merror[0m] [0m[0m            ^[0m
[0m[[0m[0mdebug[0m] [0m[0mjsonRpcNotify: JsonRpcNotificationMessage(2.0, build/logMessage, {"type":1,"message":"/Users/johnyu/Projects/CSE228A/ChiselTPU/src/main/scala/tpu/TPU.scala:132:13: missing argument list for method := in class Vec\nUnapplied methods are only converted to functions when a function type is expected.\nYou can make this conversion explicit by writing `:= _` or `:=(_)(_,_)` instead of `:=`."})[0m
[0m[[0m[0mdebug[0m] [0m[0mjsonRpcNotify: JsonRpcNotificationMessage(2.0, build/logMessage, {"type":1,"message":"    slicedA := "})[0m
[0m[[0m[0mdebug[0m] [0m[0mjsonRpcNotify: JsonRpcNotificationMessage(2.0, build/logMessage, {"type":1,"message":"            ^"})[0m
[0m[[0m[0mdebug[0m] [0m[0mjsonRpcNotify: JsonRpcNotificationMessage(2.0, build/publishDiagnostics, {"textDocument":{"uri":"file:///Users/johnyu/Projects/CSE228A/ChiselTPU/src/main/scala/tpu/TPU.scala"},"buildTarget":{"uri":"file:/Users/johnyu/Projects/CSE228A/ChiselTPU/#root/Compile"},"diagnostics":[{"range":{"start":{"line":159,"character":23},"end":{"line":159,"character":34}},"severity":1,"source":"sbt","message":"value / is not a member of Any"}],"reset":false})[0m
[0m[[0m[31merror[0m] [0m[0m/Users/johnyu/Projects/CSE228A/ChiselTPU/src/main/scala/tpu/TPU.scala:160:34: value / is not a member of Any[0m
[0m[[0m[31merror[0m] [0m[0m    slicedA := paddedA(sliceCycle/())[0m
[0m[[0m[31merror[0m] [0m[0m                                 ^[0m
[0m[[0m[0mdebug[0m] [0m[0mjsonRpcNotify: JsonRpcNotificationMessage(2.0, build/logMessage, {"type":1,"message":"/Users/johnyu/Projects/CSE228A/ChiselTPU/src/main/scala/tpu/TPU.scala:160:34: value / is not a member of Any"})[0m
[0m[[0m[0mdebug[0m] [0m[0mjsonRpcNotify: JsonRpcNotificationMessage(2.0, build/logMessage, {"type":1,"message":"    slicedA := paddedA(sliceCycle/())"})[0m
[0m[[0m[0mdebug[0m] [0m[0mjsonRpcNotify: JsonRpcNotificationMessage(2.0, build/logMessage, {"type":1,"message":"                                 ^"})[0m
[0m[[0m[31merror[0m] [0m[0m7 errors found[0m
[0m[[0m[0mdebug[0m] [0m[0mjsonRpcNotify: JsonRpcNotificationMessage(2.0, build/logMessage, {"type":1,"message":"7 errors found"})[0m
[0m[[0m[0mdebug[0m] [0m[0mjsonRpcNotify: JsonRpcNotificationMessage(2.0, build/publishDiagnostics, {"textDocument":{"uri":"file:///Users/johnyu/Projects/CSE228A/ChiselTPU/src/main/scala/tpu/TPU.scala"},"buildTarget":{"uri":"file:/Users/johnyu/Projects/CSE228A/ChiselTPU/#root/Compile"},"diagnostics":[{"range":{"start":{"line":69,"character":40},"end":{"line":69,"character":44}},"severity":1,"source":"sbt","message":"not found: value past"},{"range":{"start":{"line":126,"character":36},"end":{"line":126,"character":48}},"severity":1,"source":"sbt","message":"value % is not a member of Any"},{"range":{"start":{"line":127,"character":36},"end":{"line":127,"character":48}},"severity":1,"source":"sbt","message":"value % is not a member of Any"},{"range":{"start":{"line":128,"character":38},"end":{"line":128,"character":50}},"severity":1,"source":"sbt","message":"value % is not a member of Any"},{"range":{"start":{"line":129,"character":38},"end":{"line":129,"character":50}},"severity":1,"source":"sbt","message":"value % is not a member of Any"},{"range":{"start":{"line":131,"character":4},"end":{"line":131,"character":14}},"severity":1,"source":"sbt","message":"missing argument list for method := in class Vec\nUnapplied methods are only converted to functions when a function type is expected.\nYou can make this conversion explicit by writing `:= _` or `:=(_)(_,_)` instead of `:=`."},{"range":{"start":{"line":159,"character":23},"end":{"line":159,"character":34}},"severity":1,"source":"sbt","message":"value / is not a member of Any"}],"reset":true})[0m
[0m[[0m[0mdebug[0m] [0m[0mjsonRpcNotify: JsonRpcNotificationMessage(2.0, build/taskFinish, {"taskId":{"id":"144","parents":[]},"eventTime":1678683789090,"message":"Compiled root","status":2,"dataKind":"compile-report","data":{"target":{"uri":"file:/Users/johnyu/Projects/CSE228A/ChiselTPU/#root/Compile"},"errors":7,"warnings":0,"time":715}})[0m
[0m[[0m[0mdebug[0m] [0m[0munmatched json error for requestId None: {"code":-32603,"message":"(Compile / \u001b[31mcompileIncremental\u001b[0m) Compilation failed"}[0m
[0m[[0m[31merror[0m] [0m[0m(Compile / [31mcompileIncremental[0m) Compilation failed[0m
[0m[[0m[0mdebug[0m] [0m[0mjsonRpcNotify: JsonRpcNotificationMessage(2.0, build/logMessage, {"type":1,"message":"(Compile / \u001b[31mcompileIncremental\u001b[0m) Compilation failed"})[0m
[0m[[0m[31merror[0m] [0m[0mTotal time: 1 s, completed Mar 12, 2023, 10:03:09 PM[0m
[0m[[0m[0mdebug[0m] [0m[0munmatched Done event for requestId None: None[0m
[0m[[0m[0mdebug[0m] [0m[0m> Exec(shell, None, None)[0m
